<?xml version="1.0" encoding="UTF-8"?>
<!-- Generated by org.testng.reporters.JUnitReportReporter -->
<testsuite skipped="0" hostname="LAPTOP-4MJVIKIS" name="tests.TestNG_Test" tests="1" failures="0" timestamp="2023-03-09T15:26:48 EST" time="10.622" errors="0">
  <testcase name="test3" time="10.622" classname="tests.TestNG_Test"/>
  <system-out/>
</testsuite> <!-- tests.TestNG_Test -->
